<?xml version="1.0" encoding="UTF-8"?>
<!-- Generated by org.testng.reporters.JUnitReportReporter -->
<testsuite hostname="GUR00184446L" failures="0" tests="3" name="com.economist.qa.testcases.HomeTest" time="28.894" errors="0" timestamp="2021-01-24T22:12:22 IST" skipped="0">
  <testcase classname="com.economist.qa.testcases.HomeTest" name="validateLoginPageTitleTest" time="7.690"/>
  <system-out/>
  <testcase classname="com.economist.qa.testcases.HomeTest" name="validateNavigationBarTest" time="10.310"/>
  <system-out/>
  <testcase classname="com.economist.qa.testcases.HomeTest" name="loginTest" time="10.894"/>
  <system-out/>
</testsuite> <!-- com.economist.qa.testcases.HomeTest -->
